0	1	mikroCARM.exe -MSF -DBG -pSTM32F107VC -RA -BIN -LHF -DL -SSA -O11111114 -fo72 -N"D:\Clicks_git\B\Buck-boost_3_click\SW\example\c\ARM\STM\Click_BuckBoost3_STM.mcpar" -SP"C:\Users\Public\Documents\Mikroelektronika\mikroC PRO for ARM\Defs\" -SP"C:\Users\Public\Documents\Mikroelektronika\mikroC PRO for ARM\Uses\ST M3\" -SP"D:\Clicks_git\B\Buck-boost_3_click\SW\example\c\ARM\STM\" -SP"D:\Clicks_git\B\Buck-boost_3_click\SW\library\HAL\" -SP"D:\Clicks_git\B\Buck-boost_3_click\SW\library\" -SP"C:\Users\Public\Documents\Mikroelektronika\mikroC PRO for ARM\Packages\mikroBUS Board Definition API\Uses\" -IP"C:\Users\Public\Documents\Mikroelektronika\mikroC PRO for ARM\Uses\ST M3\" -IP"D:\Clicks_git\B\Buck-boost_3_click\SW\example\c\ARM\STM\" -IP"D:\Clicks_git\B\Buck-boost_3_click\SW\library\" -IP"D:\Clicks_git\B\Buck-boost_3_click\SW\library\HAL\" -IP"C:\Users\Public\Documents\Mikroelektronika\mikroC PRO for ARM\Packages\mikroBUS Board Definition API\Uses\" "Click_BuckBoost3_STM.c" "__buckboost3_driver.c" "__Lib_Math.emcl" "__Lib_MathDouble.emcl" "__Lib_Delays.emcl" "__Lib_System_105_107.emcl" "__Lib_GPIO_32F10x_Defs.emcl" "__Lib_GPIO_32F10x.emcl" "__Lib_CString.emcl" "__Lib_Conversions.emcl" "__Lib_UART_123_45.emcl" "easymx_v7_STM32F107VC.emcl" "Click_BuckBoost3.pld"	 
diagnostics: 0	122	Compilation Started	STM32F107VC.c
diagnostics: 38838	123	Compiled Successfully	STM32F107VC.c
diagnostics: 0	122	Compilation Started	__Lib_Delays.c
diagnostics: 118	123	Compiled Successfully	__Lib_Delays.c
hint: 66	1164	Variable 'cycles_div_by_10' has been eliminated by optimizer	__Lib_Delays.c
hint: 87	1164	Variable 'NumberOfCyc' has been eliminated by optimizer	__Lib_Delays.c
hint: 104	1164	Variable 'NumberOfCyc' has been eliminated by optimizer	__Lib_Delays.c
diagnostics: 0	122	Compilation Started	__lib_gpio.h
diagnostics: 814	123	Compiled Successfully	__Lib_GPIO_32F10x_Defs.c
diagnostics: 0	122	Compilation Started	stdint.h
diagnostics: 349	123	Compiled Successfully	easymx_v7_STM32F107VC.c
diagnostics: 0	122	Compilation Started	stdint.h
diagnostics: 65	123	Compiled Successfully	Click_BuckBoost3_STM.c
hint: 46	1164	Variable 'PGOOD_state' has been eliminated by optimizer	Click_BuckBoost3_STM.c
diagnostics: 0	122	Compilation Started	stdint.h
diagnostics: 82	123	Compiled Successfully	__buckboost3_driver.c
hint: 323	1164	Variable 'tmp' has been eliminated by optimizer	__buckboost3_driver.c
diagnostics: 0	127	All files Compiled in 78 ms	 
hint: 0	1144	Used RX: 16 (100%)   Free RX: 0 (0%)	Used RX: 16 (100%)   Free RX: 0 (0%)
hint: 0	1144	Static RAM (bytes): 55   Dynamic RAM (bytes): 65477	Static RAM (bytes): 55   Dynamic RAM (bytes): 65477
hint: 0	1144	Used ROM (bytes): 5907 (2%)  Free ROM (bytes): 256237 (98%)	Used ROM (bytes): 5907 (2%)  Free ROM (bytes): 256237 (98%)
diagnostics: 0	125	Project Linked Successfully	Click_BuckBoost3_STM.mcpar
diagnostics: 0	128	Linked in 218 ms	 
diagnostics: 0	129	Project 'Click_BuckBoost3_STM.mcpar' completed: 1109 ms	 
diagnostics: 0	103	Finished successfully: 30 okt 2018, 09:55:55	Click_BuckBoost3_STM.mcpar
